<?xml version="1.0" encoding="UTF-8"?>
<!-- Generated by org.testng.reporters.JUnitXMLReporter -->
<testsuite ignored="0" hostname="Enterprises" failures="0" tests="4" name="Default test" time="48.69" errors="0" timestamp="2023-11-03T14:27:10 IST">
  <testcase classname="com.testcases.CustomerTest" name="addcustomer" time="7.299"/>
  <testcase classname="com.testcases.CustomerTest" name="editcustomer" time="6.354"/>
  <testcase classname="com.testcases.CustomerTest" name="deletecustomer" time="3.447"/>
  <testcase classname="com.testcases.CustomerTest" name="verify" time="4.576"/>
</testsuite> <!-- Default test -->
