<?xml version="1.0" encoding="UTF-8"?>
<testng-results ignored="1" total="2" passed="1" failed="0" skipped="0">
  <reporter-output>
  </reporter-output>
  <suite started-at="2023-11-01T19:58:15 IST" name="Default suite" finished-at="2023-11-01T19:58:30 IST" duration-ms="15184">
    <groups>
    </groups>
    <test started-at="2023-11-01T19:58:15 IST" name="Default test" finished-at="2023-11-01T19:58:30 IST" duration-ms="15184">
      <class name="com.testcases.UsertypeTest">
        <test-method is-config="true" signature="setup()[pri:0, instance:com.testcases.UsertypeTest@28f3b248]" started-at="2023-11-01T19:58:15 IST" name="setup" finished-at="2023-11-01T19:58:20 IST" duration-ms="5645" status="PASS">
          <reporter-output>
          </reporter-output>
        </test-method> <!-- setup -->
        <test-method signature="edituser()[pri:2, instance:com.testcases.UsertypeTest@28f3b248]" started-at="2023-11-01T19:58:20 IST" name="edituser" finished-at="2023-11-01T19:58:30 IST" duration-ms="9449" status="PASS">
          <reporter-output>
          </reporter-output>
        </test-method> <!-- edituser -->
      </class> <!-- com.testcases.UsertypeTest -->
    </test> <!-- Default test -->
  </suite> <!-- Default suite -->
</testng-results>
